<?xml version="1.0" encoding="UTF-8"?>
<testng-results ignored="0" total="2" passed="2" failed="0" skipped="0">
  <reporter-output>
  </reporter-output>
  <suite started-at="2023-11-03T17:56:39 IST" name="Default suite" finished-at="2023-11-03T17:56:45 IST" duration-ms="6288">
    <groups>
      <group name="cucumber">
        <method signature="AbstractTestNGCucumberTests.runScenario(io.cucumber.testng.PickleWrapper, io.cucumber.testng.FeatureWrapper)[pri:0, instance:com.ep.cucumber.runner.RunnerClass@66d18979]" name="runScenario" class="io.cucumber.testng.AbstractTestNGCucumberTests"/>
      </group> <!-- cucumber -->
    </groups>
    <test started-at="2023-11-03T17:56:39 IST" name="Default test" finished-at="2023-11-03T17:56:45 IST" duration-ms="6288">
      <class name="com.ep.cucumber.runner.RunnerClass">
        <test-method is-config="true" signature="setUpClass(org.testng.ITestContext)[pri:0, instance:com.ep.cucumber.runner.RunnerClass@66d18979]" started-at="2023-11-03T17:56:39 IST" name="setUpClass" finished-at="2023-11-03T17:56:40 IST" duration-ms="592" status="PASS">
          <params>
            <param index="0">
              <value>
                <![CDATA[org.testng.TestRunner@5256fbc]]>
              </value>
            </param>
          </params>
          <reporter-output>
          </reporter-output>
        </test-method> <!-- setUpClass -->
        <test-method signature="runScenario(io.cucumber.testng.PickleWrapper, io.cucumber.testng.FeatureWrapper)[pri:0, instance:com.ep.cucumber.runner.RunnerClass@66d18979]" started-at="2023-11-03T17:56:40 IST" name="runScenario" description="Runs Cucumber Scenarios" data-provider="scenarios" finished-at="2023-11-03T17:56:44 IST" duration-ms="4330" status="PASS">
          <params>
            <param index="0">
              <value>
                <![CDATA["PostMethod- Create new user by passing json body"]]>
              </value>
            </param>
            <param index="1">
              <value>
                <![CDATA["Validate the pet store user details"]]>
              </value>
            </param>
          </params>
          <reporter-output>
          </reporter-output>
        </test-method> <!-- runScenario -->
        <test-method signature="runScenario(io.cucumber.testng.PickleWrapper, io.cucumber.testng.FeatureWrapper)[pri:0, instance:com.ep.cucumber.runner.RunnerClass@66d18979]" started-at="2023-11-03T17:56:44 IST" name="runScenario" description="Runs Cucumber Scenarios" data-provider="scenarios" finished-at="2023-11-03T17:56:45 IST" duration-ms="1230" status="PASS">
          <params>
            <param index="0">
              <value>
                <![CDATA["PutMethod- Update the user details by passing json body and query parameter"]]>
              </value>
            </param>
            <param index="1">
              <value>
                <![CDATA["Validate the pet store user details"]]>
              </value>
            </param>
          </params>
          <reporter-output>
          </reporter-output>
        </test-method> <!-- runScenario -->
        <test-method is-config="true" signature="tearDownClass()[pri:0, instance:com.ep.cucumber.runner.RunnerClass@66d18979]" started-at="2023-11-03T17:56:45 IST" name="tearDownClass" finished-at="2023-11-03T17:56:45 IST" duration-ms="100" status="PASS">
          <reporter-output>
          </reporter-output>
        </test-method> <!-- tearDownClass -->
      </class> <!-- com.ep.cucumber.runner.RunnerClass -->
    </test> <!-- Default test -->
  </suite> <!-- Default suite -->
</testng-results>
